<?xml version="1.0" encoding="UTF-8"?>
<testsuite xmlns:xsi="http://www.w3.org/2001/XMLSchema-instance" xsi:noNamespaceSchemaLocation="https://maven.apache.org/surefire/maven-surefire-plugin/xsd/surefire-test-report-3.0.xsd" version="3.0" name="com.mytest.cucumber.CucumberTest" time="0.424" tests="4" errors="0" skipped="0" failures="0">
  <properties>
[...]
</properties>
  <testcase name="Basic Arithmetic - Addition" classname="Basic Arithmetic" time="0.327"/>
  <testcase name="Basic Arithmetic - Substraction" classname="Basic Arithmetic" time="0.002"/>
  <testcase name="Basic Arithmetic - Several additions - Several additions - Example #1.1" classname="Basic Arithmetic - Several additions - Several additions" time="0.001"/>
  <testcase name="Basic Arithmetic - Several additions - Several additions - Example #1.2" classname="Basic Arithmetic - Several additions - Several additions" time="0"/>
</testsuite>