<?xml version="1.0" encoding="UTF-8"?>
<testsuite xmlns:xsi="http://www.w3.org/2001/XMLSchema-instance" xsi:noNamespaceSchemaLocation="https://maven.apache.org/surefire/maven-surefire-plugin/xsd/surefire-test-report-3.0.xsd" version="3.0" name="com.mytest.refund.CucumberTest" time="0.046" tests="6" errors="0" skipped="0" failures="1">
  <testcase name="Refunds - Refunds are only available for unused tickets - Refund eligibility based on ticket usage" classname="Refunds - Refunds are only available for unused tickets" time="0.016"/>
  <testcase name="Refunds - Refunds must be requested within 30 days - Refund eligibility based on purchase date - Examples - Example #1.1" classname="Refunds - Refunds must be requested within 30 days - Refund eligibility based on purchase date - Examples" time="0.001"/>
  <testcase name="Refunds - Refunds must be requested within 30 days - Refund eligibility based on purchase date - Examples - Example #1.2" classname="Refunds - Refunds must be requested within 30 days - Refund eligibility based on purchase date - Examples" time="0.001"/>
  <testcase name="Refunds - Refunds are not allowed for promotional tickets - Refund eligibility for promotional tickets - Promotion - Example #1.1" classname="Refunds - Refunds are not allowed for promotional tickets - Refund eligibility for promotional tickets - Promotion" time="0.002"/>
  <testcase name="Refunds - Refunds are not allowed for promotional tickets - Refund eligibility for promotional tickets - Promotion - Example #1.2" classname="Refunds - Refunds are not allowed for promotional tickets - Refund eligibility for promotional tickets - Promotion" time="0.011">
    <failure message="Refund result mismatch ==&gt; expected: &lt;false&gt; but was: &lt;true&gt;" type="org.opentest4j.AssertionFailedError"><![CDATA[org.opentest4j.AssertionFailedError: Refund result mismatch ==> expected: <false> but was: <true>
	at com.mytest.refund.RefundSteps.the_refund_should_be(RefundSteps.java:34)
	at ✽.the refund should be "denied"(classpath:src/test/resources/features/junit5/refund.feature:29)
]]></failure>
  </testcase>
  <testcase name="Refunds - Refunds are not allowed for promotional tickets - Refund eligibility for promotional tickets - Promotion - Example #1.3" classname="Refunds - Refunds are not allowed for promotional tickets - Refund eligibility for promotional tickets - Promotion" time="0.001"/>
</testsuite>